# JRE version: OpenJDK Runtime Environment Temurin-17.0.7+7 (17.0.7+7) (build 17.0.7+7)
# Java VM: OpenJDK 64-Bit Server VM Temurin-17.0.7+7 (17.0.7+7, mixed mode, sharing, tiered, compressed oops, compressed class ptrs, g1 gc, windows-amd64)
GC Precious Log:
 CPUs: 32 total, 32 available
 Memory: 16002M
 Large Page Support: Disabled
 NUMA Support: Disabled
 Compressed Oops: Enabled (Zero based)
 Heap Region Size: 2M
 Heap Min Capacity: 512M
 Heap Initial Capacity: 512M
 Heap Max Capacity: 4072M
 Pre-touch: Disabled
 Parallel Workers: 23
 Concurrent Workers: 6
 Concurrent Refinement Workers: 23
 Periodic GC: Disabled
 String Deduplication is enabled
Heap:
 garbage-first heap   total 702464K, used 117209K [0x0000000701800000, 0x0000000800000000)
  region size 2048K, 16 young (32768K), 4 survivors (8192K)
 Metaspace       used 80471K, committed 81088K, reserved 1179648K
  class space    used 11097K, committed 11392K, reserved 1048576K
GC Heap History (20 events):
Event: 77.687 GC heap before
{Heap before GC invocations=18 (full 2):
 garbage-first heap   total 702464K, used 165053K [0x0000000701800000, 0x0000000800000000)
  region size 2048K, 40 young (81920K), 2 survivors (4096K)
 Metaspace       used 75673K, committed 76096K, reserved 1179648K
  class space    used 10598K, committed 10816K, reserved 1048576K
}
Event: 77.692 GC heap after
{Heap after GC invocations=19 (full 2):
 garbage-first heap   total 702464K, used 87111K [0x0000000701800000, 0x0000000800000000)
  region size 2048K, 2 young (4096K), 2 survivors (4096K)
 Metaspace       used 75673K, committed 76096K, reserved 1179648K
  class space    used 10598K, committed 10816K, reserved 1048576K
}
Event: 84.222 GC heap before
{Heap before GC invocations=19 (full 2):
 garbage-first heap   total 702464K, used 164935K [0x0000000701800000, 0x0000000800000000)
  region size 2048K, 40 young (81920K), 2 survivors (4096K)
 Metaspace       used 77657K, committed 78208K, reserved 1179648K
  class space    used 10869K, committed 11136K, reserved 1048576K
}
Event: 84.228 GC heap after
{Heap after GC invocations=20 (full 2):
 garbage-first heap   total 702464K, used 88921K [0x0000000701800000, 0x0000000800000000)
  region size 2048K, 3 young (6144K), 3 survivors (6144K)
 Metaspace       used 77657K, committed 78208K, reserved 1179648K
  class space    used 10869K, committed 11136K, reserved 1048576K
}
Event: 87.606 GC heap before
{Heap before GC invocations=20 (full 2):
 garbage-first heap   total 702464K, used 164697K [0x0000000701800000, 0x0000000800000000)
  region size 2048K, 40 young (81920K), 3 survivors (6144K)
 Metaspace       used 78362K, committed 78976K, reserved 1179648K
  class space    used 10966K, committed 11264K, reserved 1048576K
}
Event: 87.611 GC heap after
{Heap after GC invocations=21 (full 2):
 garbage-first heap   total 702464K, used 91095K [0x0000000701800000, 0x0000000800000000)
  region size 2048K, 4 young (8192K), 4 survivors (8192K)
 Metaspace       used 78362K, committed 78976K, reserved 1179648K
  class space    used 10966K, committed 11264K, reserved 1048576K
}
Event: 92.920 GC heap before
{Heap before GC invocations=21 (full 2):
 garbage-first heap   total 702464K, used 164823K [0x0000000701800000, 0x0000000800000000)
  region size 2048K, 40 young (81920K), 4 survivors (8192K)
 Metaspace       used 78821K, committed 79488K, reserved 1179648K
  class space    used 11002K, committed 11328K, reserved 1048576K
}
Event: 92.926 GC heap after
{Heap after GC invocations=22 (full 2):
 garbage-first heap   total 702464K, used 92276K [0x0000000701800000, 0x0000000800000000)
  region size 2048K, 4 young (8192K), 4 survivors (8192K)
 Metaspace       used 78821K, committed 79488K, reserved 1179648K
  class space    used 11002K, committed 11328K, reserved 1048576K
}
Event: 113.380 GC heap before
{Heap before GC invocations=22 (full 2):
 garbage-first heap   total 702464K, used 166004K [0x0000000701800000, 0x0000000800000000)
  region size 2048K, 40 young (81920K), 4 survivors (8192K)
 Metaspace       used 79139K, committed 79744K, reserved 1179648K
  class space    used 11010K, committed 11328K, reserved 1048576K
}
Event: 113.394 GC heap after
{Heap after GC invocations=23 (full 2):
 garbage-first heap   total 702464K, used 92567K [0x0000000701800000, 0x0000000800000000)
  region size 2048K, 3 young (6144K), 3 survivors (6144K)
 Metaspace       used 79139K, committed 79744K, reserved 1179648K
  class space    used 11010K, committed 11328K, reserved 1048576K
}
Event: 131.599 GC heap before
{Heap before GC invocations=23 (full 2):
 garbage-first heap   total 702464K, used 168343K [0x0000000701800000, 0x0000000800000000)
  region size 2048K, 40 young (81920K), 3 survivors (6144K)
 Metaspace       used 79450K, committed 80064K, reserved 1179648K
  class space    used 11014K, committed 11328K, reserved 1048576K
}
Event: 131.605 GC heap after
{Heap after GC invocations=24 (full 2):
 garbage-first heap   total 702464K, used 92680K [0x0000000701800000, 0x0000000800000000)
  region size 2048K, 3 young (6144K), 3 survivors (6144K)
 Metaspace       used 79450K, committed 80064K, reserved 1179648K
  class space    used 11014K, committed 11328K, reserved 1048576K
}
Event: 139.013 GC heap before
{Heap before GC invocations=24 (full 2):
 garbage-first heap   total 702464K, used 168456K [0x0000000701800000, 0x0000000800000000)
  region size 2048K, 40 young (81920K), 3 survivors (6144K)
 Metaspace       used 79636K, committed 80256K, reserved 1179648K
  class space    used 11017K, committed 11328K, reserved 1048576K
}
Event: 139.020 GC heap after
{Heap after GC invocations=25 (full 2):
 garbage-first heap   total 702464K, used 93020K [0x0000000701800000, 0x0000000800000000)
  region size 2048K, 3 young (6144K), 3 survivors (6144K)
 Metaspace       used 79636K, committed 80256K, reserved 1179648K
  class space    used 11017K, committed 11328K, reserved 1048576K
}
Event: 153.321 GC heap before
{Heap before GC invocations=25 (full 2):
 garbage-first heap   total 702464K, used 168796K [0x0000000701800000, 0x0000000800000000)
  region size 2048K, 40 young (81920K), 3 survivors (6144K)
 Metaspace       used 79746K, committed 80384K, reserved 1179648K
  class space    used 11017K, committed 11328K, reserved 1048576K
}
Event: 153.328 GC heap after
{Heap after GC invocations=26 (full 2):
 garbage-first heap   total 702464K, used 93176K [0x0000000701800000, 0x0000000800000000)
  region size 2048K, 3 young (6144K), 3 survivors (6144K)
 Metaspace       used 79746K, committed 80384K, reserved 1179648K
  class space    used 11017K, committed 11328K, reserved 1048576K
}
Event: 172.083 GC heap before
{Heap before GC invocations=26 (full 2):
 garbage-first heap   total 702464K, used 168952K [0x0000000701800000, 0x0000000800000000)
  region size 2048K, 40 young (81920K), 3 survivors (6144K)
 Metaspace       used 79914K, committed 80576K, reserved 1179648K
  class space    used 11019K, committed 11328K, reserved 1048576K
}
Event: 172.089 GC heap after
{Heap after GC invocations=27 (full 2):
 garbage-first heap   total 702464K, used 93728K [0x0000000701800000, 0x0000000800000000)
  region size 2048K, 3 young (6144K), 3 survivors (6144K)
 Metaspace       used 79914K, committed 80576K, reserved 1179648K
  class space    used 11019K, committed 11328K, reserved 1048576K
}
Event: 178.540 GC heap before
{Heap before GC invocations=27 (full 2):
 garbage-first heap   total 702464K, used 169504K [0x0000000701800000, 0x0000000800000000)
  region size 2048K, 40 young (81920K), 3 survivors (6144K)
 Metaspace       used 80014K, committed 80576K, reserved 1179648K
  class space    used 11019K, committed 11328K, reserved 1048576K
}
Event: 178.546 GC heap after
{Heap after GC invocations=28 (full 2):
 garbage-first heap   total 702464K, used 94681K [0x0000000701800000, 0x0000000800000000)
  region size 2048K, 4 young (8192K), 4 survivors (8192K)
 Metaspace       used 80014K, committed 80576K, reserved 1179648K
  class space    used 11019K, committed 11328K, reserved 1048576K
}

