# JRE version: OpenJDK Runtime Environment Temurin-17.0.7+7 (17.0.7+7) (build 17.0.7+7)
# Java VM: OpenJDK 64-Bit Server VM Temurin-17.0.7+7 (17.0.7+7, mixed mode, sharing, tiered, compressed oops, compressed class ptrs, g1 gc, windows-amd64)
GC Precious Log:
 CPUs: 32 total, 32 available
 Memory: 16002M
 Large Page Support: Disabled
 NUMA Support: Disabled
 Compressed Oops: Enabled (Zero based)
 Heap Region Size: 2M
 Heap Min Capacity: 512M
 Heap Initial Capacity: 512M
 Heap Max Capacity: 4072M
 Pre-touch: Disabled
 Parallel Workers: 23
 Concurrent Workers: 6
 Concurrent Refinement Workers: 23
 Periodic GC: Disabled
 String Deduplication is enabled
Heap:
 garbage-first heap   total 524288K, used 108266K [0x0000000701800000, 0x0000000800000000)
  region size 2048K, 7 young (14336K), 3 survivors (6144K)
 Metaspace       used 83937K, committed 84608K, reserved 1179648K
  class space    used 11527K, committed 11840K, reserved 1048576K
GC Heap History (20 events):
Event: 543.015 GC heap before
{Heap before GC invocations=30 (full 3):
 garbage-first heap   total 524288K, used 173421K [0x0000000701800000, 0x0000000800000000)
  region size 2048K, 40 young (81920K), 3 survivors (6144K)
 Metaspace       used 83365K, committed 83968K, reserved 1179648K
  class space    used 11524K, committed 11840K, reserved 1048576K
}
Event: 543.024 GC heap after
{Heap after GC invocations=31 (full 3):
 garbage-first heap   total 524288K, used 97874K [0x0000000701800000, 0x0000000800000000)
  region size 2048K, 3 young (6144K), 3 survivors (6144K)
 Metaspace       used 83365K, committed 83968K, reserved 1179648K
  class space    used 11524K, committed 11840K, reserved 1048576K
}
Event: 749.002 GC heap before
{Heap before GC invocations=31 (full 3):
 garbage-first heap   total 524288K, used 173650K [0x0000000701800000, 0x0000000800000000)
  region size 2048K, 40 young (81920K), 3 survivors (6144K)
 Metaspace       used 83410K, committed 84032K, reserved 1179648K
  class space    used 11524K, committed 11840K, reserved 1048576K
}
Event: 749.012 GC heap after
{Heap after GC invocations=32 (full 3):
 garbage-first heap   total 524288K, used 98821K [0x0000000701800000, 0x0000000800000000)
  region size 2048K, 3 young (6144K), 3 survivors (6144K)
 Metaspace       used 83410K, committed 84032K, reserved 1179648K
  class space    used 11524K, committed 11840K, reserved 1048576K
}
Event: 903.380 GC heap before
{Heap before GC invocations=32 (full 3):
 garbage-first heap   total 524288K, used 174597K [0x0000000701800000, 0x0000000800000000)
  region size 2048K, 40 young (81920K), 3 survivors (6144K)
 Metaspace       used 83438K, committed 84032K, reserved 1179648K
  class space    used 11524K, committed 11840K, reserved 1048576K
}
Event: 903.396 GC heap after
{Heap after GC invocations=33 (full 3):
 garbage-first heap   total 524288K, used 98533K [0x0000000701800000, 0x0000000800000000)
  region size 2048K, 2 young (4096K), 2 survivors (4096K)
 Metaspace       used 83438K, committed 84032K, reserved 1179648K
  class space    used 11524K, committed 11840K, reserved 1048576K
}
Event: 1061.001 GC heap before
{Heap before GC invocations=33 (full 3):
 garbage-first heap   total 524288K, used 176357K [0x0000000701800000, 0x0000000800000000)
  region size 2048K, 40 young (81920K), 2 survivors (4096K)
 Metaspace       used 83487K, committed 84160K, reserved 1179648K
  class space    used 11525K, committed 11840K, reserved 1048576K
}
Event: 1061.006 GC heap after
{Heap after GC invocations=34 (full 3):
 garbage-first heap   total 524288K, used 98454K [0x0000000701800000, 0x0000000800000000)
  region size 2048K, 2 young (4096K), 2 survivors (4096K)
 Metaspace       used 83487K, committed 84160K, reserved 1179648K
  class space    used 11525K, committed 11840K, reserved 1048576K
}
Event: 1073.776 GC heap before
{Heap before GC invocations=34 (full 3):
 garbage-first heap   total 524288K, used 174230K [0x0000000701800000, 0x0000000800000000)
  region size 2048K, 40 young (81920K), 2 survivors (4096K)
 Metaspace       used 83653K, committed 84288K, reserved 1179648K
  class space    used 11525K, committed 11840K, reserved 1048576K
}
Event: 1073.781 GC heap after
{Heap after GC invocations=35 (full 3):
 garbage-first heap   total 524288K, used 98171K [0x0000000701800000, 0x0000000800000000)
  region size 2048K, 2 young (4096K), 2 survivors (4096K)
 Metaspace       used 83653K, committed 84288K, reserved 1179648K
  class space    used 11525K, committed 11840K, reserved 1048576K
}
Event: 1088.116 GC heap before
{Heap before GC invocations=35 (full 3):
 garbage-first heap   total 524288K, used 175995K [0x0000000701800000, 0x0000000800000000)
  region size 2048K, 40 young (81920K), 2 survivors (4096K)
 Metaspace       used 83712K, committed 84352K, reserved 1179648K
  class space    used 11525K, committed 11840K, reserved 1048576K
}
Event: 1088.125 GC heap after
{Heap after GC invocations=36 (full 3):
 garbage-first heap   total 524288K, used 99085K [0x0000000701800000, 0x0000000800000000)
  region size 2048K, 2 young (4096K), 2 survivors (4096K)
 Metaspace       used 83712K, committed 84352K, reserved 1179648K
  class space    used 11525K, committed 11840K, reserved 1048576K
}
Event: 1095.224 GC heap before
{Heap before GC invocations=36 (full 3):
 garbage-first heap   total 524288K, used 176909K [0x0000000701800000, 0x0000000800000000)
  region size 2048K, 40 young (81920K), 2 survivors (4096K)
 Metaspace       used 83783K, committed 84416K, reserved 1179648K
  class space    used 11527K, committed 11840K, reserved 1048576K
}
Event: 1095.228 GC heap after
{Heap after GC invocations=37 (full 3):
 garbage-first heap   total 524288K, used 100529K [0x0000000701800000, 0x0000000800000000)
  region size 2048K, 3 young (6144K), 3 survivors (6144K)
 Metaspace       used 83783K, committed 84416K, reserved 1179648K
  class space    used 11527K, committed 11840K, reserved 1048576K
}
Event: 1097.901 GC heap before
{Heap before GC invocations=37 (full 3):
 garbage-first heap   total 524288K, used 176305K [0x0000000701800000, 0x0000000800000000)
  region size 2048K, 40 young (81920K), 3 survivors (6144K)
 Metaspace       used 83821K, committed 84480K, reserved 1179648K
  class space    used 11527K, committed 11840K, reserved 1048576K
}
Event: 1097.905 GC heap after
{Heap after GC invocations=38 (full 3):
 garbage-first heap   total 524288K, used 101200K [0x0000000701800000, 0x0000000800000000)
  region size 2048K, 3 young (6144K), 3 survivors (6144K)
 Metaspace       used 83821K, committed 84480K, reserved 1179648K
  class space    used 11527K, committed 11840K, reserved 1048576K
}
Event: 1103.053 GC heap before
{Heap before GC invocations=38 (full 3):
 garbage-first heap   total 524288K, used 176976K [0x0000000701800000, 0x0000000800000000)
  region size 2048K, 40 young (81920K), 3 survivors (6144K)
 Metaspace       used 83876K, committed 84480K, reserved 1179648K
  class space    used 11527K, committed 11840K, reserved 1048576K
}
Event: 1103.057 GC heap after
{Heap after GC invocations=39 (full 3):
 garbage-first heap   total 524288K, used 102129K [0x0000000701800000, 0x0000000800000000)
  region size 2048K, 3 young (6144K), 3 survivors (6144K)
 Metaspace       used 83876K, committed 84480K, reserved 1179648K
  class space    used 11527K, committed 11840K, reserved 1048576K
}
Event: 1121.552 GC heap before
{Heap before GC invocations=39 (full 3):
 garbage-first heap   total 524288K, used 177905K [0x0000000701800000, 0x0000000800000000)
  region size 2048K, 40 young (81920K), 3 survivors (6144K)
 Metaspace       used 83903K, committed 84544K, reserved 1179648K
  class space    used 11527K, committed 11840K, reserved 1048576K
}
Event: 1121.559 GC heap after
{Heap after GC invocations=40 (full 3):
 garbage-first heap   total 524288K, used 102122K [0x0000000701800000, 0x0000000800000000)
  region size 2048K, 3 young (6144K), 3 survivors (6144K)
 Metaspace       used 83903K, committed 84544K, reserved 1179648K
  class space    used 11527K, committed 11840K, reserved 1048576K
}

